<?xml version="1.0" encoding="UTF-8"?>
<testng-results ignored="0" total="0" passed="0" failed="0" skipped="0">
  <reporter-output>
  </reporter-output>
  <suite started-at="2023-10-28T12:55:57 IST" name="Default suite" finished-at="2023-10-28T12:56:06 IST" duration-ms="9446">
    <groups>
    </groups>
    <test started-at="2023-10-28T12:55:57 IST" name="Default test" finished-at="2023-10-28T12:56:06 IST" duration-ms="9446">
      <class name="com.OrangeHRMApplicationPages.OrangeHRMApplicationLoginPage">
        <test-method is-config="true" signature="setup()[pri:0, instance:com.OrangeHRMApplicationPages.OrangeHRMApplicationLoginPage@169e6180]" started-at="2023-10-28T12:55:57 IST" name="setup" finished-at="2023-10-28T12:56:06 IST" duration-ms="9017" status="PASS">
          <reporter-output>
          </reporter-output>
        </test-method> <!-- setup -->
        <test-method is-config="true" signature="tearDown()[pri:0, instance:com.OrangeHRMApplicationPages.OrangeHRMApplicationLoginPage@169e6180]" started-at="2023-10-28T12:56:06 IST" name="tearDown" finished-at="2023-10-28T12:56:06 IST" duration-ms="398" status="PASS">
          <reporter-output>
          </reporter-output>
        </test-method> <!-- tearDown -->
      </class> <!-- com.OrangeHRMApplicationPages.OrangeHRMApplicationLoginPage -->
    </test> <!-- Default test -->
  </suite> <!-- Default suite -->
</testng-results>
