<?xml version="1.0" encoding="UTF-8"?>
<!-- Generated by org.testng.reporters.JUnitXMLReporter -->
<testsuite ignored="0" hostname="DESKTOP-0H46S3H" failures="0" tests="1" name="Test" time="2.027" errors="0" timestamp="2023-11-01T12:19:15 IST">
  <testcase classname="com.RadioButtonTesting.BaseTest" name="@BeforeTest setup" time="1.962">
    <failure type="java.lang.Error" message="Unresolved compilation problem: 
	PropertyConfigurator cannot be resolved
">
      <![CDATA[java.lang.Error: Unresolved compilation problem: 
PropertyConfigurator cannot be resolved

at com.Utility.Log.info(Log.java:19)
at com.RadioButtonTesting.BaseTest.setup(BaseTest.java:25)
... Removed 24 stack frames]]>
    </failure>
  </testcase> <!-- @BeforeTest setup -->
  <testcase classname="com.RadioButtonTesting.RadioButtonsTesting" name="group1RadioButtonsTesting" time="0.0">
    <skipped/>
  </testcase> <!-- group1RadioButtonsTesting -->
</testsuite> <!-- Test -->
